[debug] [2020-06-13T03:50:55.053Z] ----------------------------------------------------------------------
[debug] [2020-06-13T03:50:55.054Z] Command:       /usr/bin/node /usr/local/bin/firebase serve --only functions
[debug] [2020-06-13T03:50:55.055Z] CLI Version:   8.4.2
[debug] [2020-06-13T03:50:55.055Z] Platform:      linux
[debug] [2020-06-13T03:50:55.055Z] Node Version:  v10.19.0
[debug] [2020-06-13T03:50:55.055Z] Time:          Sat Jun 13 2020 09:20:55 GMT+0530 (India Standard Time)
[debug] [2020-06-13T03:50:55.055Z] ----------------------------------------------------------------------
[debug] [2020-06-13T03:50:55.055Z] 
[debug] [2020-06-13T03:50:55.060Z] > command requires scopes: ["email","openid","https://www.googleapis.com/auth/cloudplatformprojects.readonly","https://www.googleapis.com/auth/firebase","https://www.googleapis.com/auth/cloud-platform"]
[debug] [2020-06-13T03:50:55.060Z] > authorizing via signed-in user
[debug] [2020-06-13T03:50:55.061Z] [iam] checking project allsirsa for permissions ["firebase.projects.get"]
[debug] [2020-06-13T03:50:55.063Z] >>> HTTP REQUEST POST https://cloudresourcemanager.googleapis.com/v1/projects/allsirsa:testIamPermissions  
 {"permissions":["firebase.projects.get"]}
[debug] [2020-06-13T03:50:56.647Z] <<< HTTP RESPONSE 200 {"content-type":"application/json; charset=UTF-8","vary":"X-Origin, Referer, Origin,Accept-Encoding","date":"Sat, 13 Jun 2020 03:50:56 GMT","server":"ESF","cache-control":"private","x-xss-protection":"0","x-frame-options":"SAMEORIGIN","x-content-type-options":"nosniff","server-timing":"gfet4t7; dur=1378","alt-svc":"h3-27=\":443\"; ma=2592000,h3-25=\":443\"; ma=2592000,h3-T050=\":443\"; ma=2592000,h3-Q050=\":443\"; ma=2592000,h3-Q049=\":443\"; ma=2592000,h3-Q048=\":443\"; ma=2592000,h3-Q046=\":443\"; ma=2592000,h3-Q043=\":443\"; ma=2592000,quic=\":443\"; ma=2592000; v=\"46,43\"","accept-ranges":"none","transfer-encoding":"chunked"}
[debug] [2020-06-13T03:50:56.648Z] >>> HTTP REQUEST GET https://firebase.googleapis.com/v1beta1/projects/allsirsa  
 
[debug] [2020-06-13T03:50:57.067Z] <<< HTTP RESPONSE 200 {"content-type":"application/json; charset=UTF-8","vary":"X-Origin, Referer, Origin,Accept-Encoding","date":"Sat, 13 Jun 2020 03:50:57 GMT","server":"ESF","cache-control":"private","x-xss-protection":"0","x-frame-options":"SAMEORIGIN","x-content-type-options":"nosniff","alt-svc":"h3-27=\":443\"; ma=2592000,h3-25=\":443\"; ma=2592000,h3-T050=\":443\"; ma=2592000,h3-Q050=\":443\"; ma=2592000,h3-Q049=\":443\"; ma=2592000,h3-Q048=\":443\"; ma=2592000,h3-Q046=\":443\"; ma=2592000,h3-Q043=\":443\"; ma=2592000,quic=\":443\"; ma=2592000; v=\"46,43\"","accept-ranges":"none","transfer-encoding":"chunked"}
[warn] ⚠  Your requested "node" version "8" doesn't match your global version "10" {"metadata":{"emulator":{"name":"functions"},"message":"Your requested \"node\" version \"8\" doesn't match your global version \"10\""}}
[info] i  functions: Watching "/home/hari/Learning/react/fsreact/functions" for Cloud Functions... {"metadata":{"emulator":{"name":"functions"},"message":"Watching \"/home/hari/Learning/react/fsreact/functions\" for Cloud Functions..."}}
[debug] [2020-06-13T03:50:57.093Z] [worker-pool] addWorker(~diagnostic~) {"metadata":{"emulator":{"name":"functions"},"message":"[worker-pool] addWorker(~diagnostic~)"}}
[debug] [2020-06-13T03:50:57.093Z] [worker-pool] Adding worker with key ~diagnostic~, total=1 {"metadata":{"emulator":{"name":"functions"},"message":"[worker-pool] Adding worker with key ~diagnostic~, total=1"}}
[debug] [2020-06-13T03:50:57.093Z] [worker-pool] submitWork(triggerId=) {"metadata":{"emulator":{"name":"functions"},"message":"[worker-pool] submitWork(triggerId=)"}}
[debug] [2020-06-13T03:50:57.094Z] [worker-~diagnostic~-53eb78e5-27eb-46aa-ad12-994e5c961297]: Assigning socketPath: /tmp/fire_emu_7243.sock {"metadata":{"emulator":{"name":"functions"},"message":"[worker-~diagnostic~-53eb78e5-27eb-46aa-ad12-994e5c961297]: Assigning socketPath: /tmp/fire_emu_7243.sock"}}
[debug] [2020-06-13T03:50:57.094Z] [worker-~diagnostic~-53eb78e5-27eb-46aa-ad12-994e5c961297]: BUSY {"metadata":{"emulator":{"name":"functions"},"message":"[worker-~diagnostic~-53eb78e5-27eb-46aa-ad12-994e5c961297]: BUSY"}}
[debug] [2020-06-13T03:50:57.561Z] [runtime-status] [7243] Functions runtime initialized. {"cwd":"/home/hari/Learning/react/fsreact/functions","node_version":"10.19.0"} {"metadata":{"emulator":{"name":"functions"},"message":"[runtime-status] [7243] Functions runtime initialized. {\"cwd\":\"/home/hari/Learning/react/fsreact/functions\",\"node_version\":\"10.19.0\"}"}}
[debug] [2020-06-13T03:50:57.563Z] [runtime-status] [7243] Disabled runtime features: undefined {"metadata":{"emulator":{"name":"functions"},"message":"[runtime-status] [7243] Disabled runtime features: undefined"}}
[debug] [2020-06-13T03:50:57.564Z] [runtime-status] [7243] Resolved module firebase-admin {"declared":true,"installed":true,"version":"8.12.1","resolution":"/home/hari/Learning/react/fsreact/functions/node_modules/firebase-admin/lib/index.js"} {"metadata":{"emulator":{"name":"functions"},"message":"[runtime-status] [7243] Resolved module firebase-admin {\"declared\":true,\"installed\":true,\"version\":\"8.12.1\",\"resolution\":\"/home/hari/Learning/react/fsreact/functions/node_modules/firebase-admin/lib/index.js\"}"}}
[debug] [2020-06-13T03:50:57.564Z] [runtime-status] [7243] Resolved module firebase-functions {"declared":true,"installed":true,"version":"3.7.0","resolution":"/home/hari/Learning/react/fsreact/functions/node_modules/firebase-functions/lib/index.js"} {"metadata":{"emulator":{"name":"functions"},"message":"[runtime-status] [7243] Resolved module firebase-functions {\"declared\":true,\"installed\":true,\"version\":\"3.7.0\",\"resolution\":\"/home/hari/Learning/react/fsreact/functions/node_modules/firebase-functions/lib/index.js\"}"}}
[debug] [2020-06-13T03:50:57.567Z] [runtime-status] [7243] Outgoing network have been stubbed. [{"name":"http","status":"mocked"},{"name":"http","status":"mocked"},{"name":"https","status":"mocked"},{"name":"https","status":"mocked"},{"name":"net","status":"mocked"}] {"metadata":{"emulator":{"name":"functions"},"message":"[runtime-status] [7243] Outgoing network have been stubbed. [{\"name\":\"http\",\"status\":\"mocked\"},{\"name\":\"http\",\"status\":\"mocked\"},{\"name\":\"https\",\"status\":\"mocked\"},{\"name\":\"https\",\"status\":\"mocked\"},{\"name\":\"net\",\"status\":\"mocked\"}]"}}
[debug] [2020-06-13T03:50:57.568Z] [runtime-status] [7243] Resolved module firebase-functions {"declared":true,"installed":true,"version":"3.7.0","resolution":"/home/hari/Learning/react/fsreact/functions/node_modules/firebase-functions/lib/index.js"} {"metadata":{"emulator":{"name":"functions"},"message":"[runtime-status] [7243] Resolved module firebase-functions {\"declared\":true,\"installed\":true,\"version\":\"3.7.0\",\"resolution\":\"/home/hari/Learning/react/fsreact/functions/node_modules/firebase-functions/lib/index.js\"}"}}
[debug] [2020-06-13T03:50:57.593Z] [runtime-status] [7243] Checked functions.config() {"config":{}} {"metadata":{"emulator":{"name":"functions"},"message":"[runtime-status] [7243] Checked functions.config() {\"config\":{}}"}}
[debug] [2020-06-13T03:50:57.593Z] [runtime-status] [7243] firebase-functions has been stubbed. {"functionsResolution":{"declared":true,"installed":true,"version":"3.7.0","resolution":"/home/hari/Learning/react/fsreact/functions/node_modules/firebase-functions/lib/index.js"}} {"metadata":{"emulator":{"name":"functions"},"message":"[runtime-status] [7243] firebase-functions has been stubbed. {\"functionsResolution\":{\"declared\":true,\"installed\":true,\"version\":\"3.7.0\",\"resolution\":\"/home/hari/Learning/react/fsreact/functions/node_modules/firebase-functions/lib/index.js\"}}"}}
[debug] [2020-06-13T03:50:57.593Z] [runtime-status] [7243] Resolved module firebase-functions {"declared":true,"installed":true,"version":"3.7.0","resolution":"/home/hari/Learning/react/fsreact/functions/node_modules/firebase-functions/lib/index.js"} {"metadata":{"emulator":{"name":"functions"},"message":"[runtime-status] [7243] Resolved module firebase-functions {\"declared\":true,\"installed\":true,\"version\":\"3.7.0\",\"resolution\":\"/home/hari/Learning/react/fsreact/functions/node_modules/firebase-functions/lib/index.js\"}"}}
[debug] [2020-06-13T03:50:57.594Z] [runtime-status] [7243] Resolved module firebase-admin {"declared":true,"installed":true,"version":"8.12.1","resolution":"/home/hari/Learning/react/fsreact/functions/node_modules/firebase-admin/lib/index.js"} {"metadata":{"emulator":{"name":"functions"},"message":"[runtime-status] [7243] Resolved module firebase-admin {\"declared\":true,\"installed\":true,\"version\":\"8.12.1\",\"resolution\":\"/home/hari/Learning/react/fsreact/functions/node_modules/firebase-admin/lib/index.js\"}"}}
[debug] [2020-06-13T03:50:57.594Z] [runtime-status] [7243] Resolved module firebase-functions {"declared":true,"installed":true,"version":"3.7.0","resolution":"/home/hari/Learning/react/fsreact/functions/node_modules/firebase-functions/lib/index.js"} {"metadata":{"emulator":{"name":"functions"},"message":"[runtime-status] [7243] Resolved module firebase-functions {\"declared\":true,\"installed\":true,\"version\":\"3.7.0\",\"resolution\":\"/home/hari/Learning/react/fsreact/functions/node_modules/firebase-functions/lib/index.js\"}"}}
[debug] [2020-06-13T03:50:57.594Z] [runtime-status] [7243] firebase-admin has been stubbed. {"adminResolution":{"declared":true,"installed":true,"version":"8.12.1","resolution":"/home/hari/Learning/react/fsreact/functions/node_modules/firebase-admin/lib/index.js"}} {"metadata":{"emulator":{"name":"functions"},"message":"[runtime-status] [7243] firebase-admin has been stubbed. {\"adminResolution\":{\"declared\":true,\"installed\":true,\"version\":\"8.12.1\",\"resolution\":\"/home/hari/Learning/react/fsreact/functions/node_modules/firebase-admin/lib/index.js\"}}"}}
[debug] [2020-06-13T03:50:57.595Z] [runtime-status] [7243] initializeApp(DEFAULT) {"databaseURL":"https://allsirsa.firebaseio.com","storageBucket":"allsirsa.appspot.com","projectId":"allsirsa"} {"metadata":{"emulator":{"name":"functions"},"message":"[runtime-status] [7243] initializeApp(DEFAULT) {\"databaseURL\":\"https://allsirsa.firebaseio.com\",\"storageBucket\":\"allsirsa.appspot.com\",\"projectId\":\"allsirsa\"}"}}
[debug] [2020-06-13T03:50:57.596Z] [worker-~diagnostic~-53eb78e5-27eb-46aa-ad12-994e5c961297]: IDLE {"metadata":{"emulator":{"name":"functions"},"message":"[worker-~diagnostic~-53eb78e5-27eb-46aa-ad12-994e5c961297]: IDLE"}}
[info] ✔  functions[helloWorld]: http function initialized (http://localhost:5000/allsirsa/us-central1/helloWorld). {"metadata":{"emulator":{"name":"functions"},"message":"\u001b[1mhttp\u001b[22m function initialized (http://localhost:5000/allsirsa/us-central1/helloWorld)."}}
[debug] [2020-06-13T03:51:00.765Z] [work-queue] {"queueLength":1,"workRunningCount":0}
[debug] [2020-06-13T03:51:00.766Z] [work-queue] {"queueLength":0,"workRunningCount":1}
[debug] [2020-06-13T03:51:00.766Z] Accepted request GET /allsirsa/us-central1/helloWorld --> helloWorld
[debug] [2020-06-13T03:51:00.787Z] [worker-pool] addWorker(helloWorld) {"metadata":{"emulator":{"name":"functions"},"message":"[worker-pool] addWorker(helloWorld)"}}
[debug] [2020-06-13T03:51:00.788Z] [worker-pool] Adding worker with key helloWorld, total=1 {"metadata":{"emulator":{"name":"functions"},"message":"[worker-pool] Adding worker with key helloWorld, total=1"}}
[debug] [2020-06-13T03:51:00.788Z] [worker-pool] submitWork(triggerId=helloWorld) {"metadata":{"emulator":{"name":"functions"},"message":"[worker-pool] submitWork(triggerId=helloWorld)"}}
[debug] [2020-06-13T03:51:00.788Z] [worker-helloWorld-8faa25c5-2224-4013-9be5-207f42880684]: Assigning socketPath: /tmp/fire_emu_7323.sock {"metadata":{"emulator":{"name":"functions"},"message":"[worker-helloWorld-8faa25c5-2224-4013-9be5-207f42880684]: Assigning socketPath: /tmp/fire_emu_7323.sock"}}
[debug] [2020-06-13T03:51:00.788Z] [worker-helloWorld-8faa25c5-2224-4013-9be5-207f42880684]: BUSY {"metadata":{"emulator":{"name":"functions"},"message":"[worker-helloWorld-8faa25c5-2224-4013-9be5-207f42880684]: BUSY"}}
[debug] [2020-06-13T03:51:01.313Z] [runtime-status] [7323] Functions runtime initialized. {"cwd":"/home/hari/Learning/react/fsreact/functions","node_version":"10.19.0"} {"metadata":{"emulator":{"name":"functions"},"function":{"name":"helloWorld"},"message":"[runtime-status] [7323] Functions runtime initialized. {\"cwd\":\"/home/hari/Learning/react/fsreact/functions\",\"node_version\":\"10.19.0\"}"}}
[debug] [2020-06-13T03:51:01.314Z] [runtime-status] [7323] Disabled runtime features: undefined {"metadata":{"emulator":{"name":"functions"},"function":{"name":"helloWorld"},"message":"[runtime-status] [7323] Disabled runtime features: undefined"}}
[debug] [2020-06-13T03:51:01.315Z] [runtime-status] [7323] Resolved module firebase-admin {"declared":true,"installed":true,"version":"8.12.1","resolution":"/home/hari/Learning/react/fsreact/functions/node_modules/firebase-admin/lib/index.js"} {"metadata":{"emulator":{"name":"functions"},"function":{"name":"helloWorld"},"message":"[runtime-status] [7323] Resolved module firebase-admin {\"declared\":true,\"installed\":true,\"version\":\"8.12.1\",\"resolution\":\"/home/hari/Learning/react/fsreact/functions/node_modules/firebase-admin/lib/index.js\"}"}}
[debug] [2020-06-13T03:51:01.316Z] [runtime-status] [7323] Resolved module firebase-functions {"declared":true,"installed":true,"version":"3.7.0","resolution":"/home/hari/Learning/react/fsreact/functions/node_modules/firebase-functions/lib/index.js"} {"metadata":{"emulator":{"name":"functions"},"function":{"name":"helloWorld"},"message":"[runtime-status] [7323] Resolved module firebase-functions {\"declared\":true,\"installed\":true,\"version\":\"3.7.0\",\"resolution\":\"/home/hari/Learning/react/fsreact/functions/node_modules/firebase-functions/lib/index.js\"}"}}
[debug] [2020-06-13T03:51:01.320Z] [runtime-status] [7323] Outgoing network have been stubbed. [{"name":"http","status":"mocked"},{"name":"http","status":"mocked"},{"name":"https","status":"mocked"},{"name":"https","status":"mocked"},{"name":"net","status":"mocked"}] {"metadata":{"emulator":{"name":"functions"},"function":{"name":"helloWorld"},"message":"[runtime-status] [7323] Outgoing network have been stubbed. [{\"name\":\"http\",\"status\":\"mocked\"},{\"name\":\"http\",\"status\":\"mocked\"},{\"name\":\"https\",\"status\":\"mocked\"},{\"name\":\"https\",\"status\":\"mocked\"},{\"name\":\"net\",\"status\":\"mocked\"}]"}}
[debug] [2020-06-13T03:51:01.321Z] [runtime-status] [7323] Resolved module firebase-functions {"declared":true,"installed":true,"version":"3.7.0","resolution":"/home/hari/Learning/react/fsreact/functions/node_modules/firebase-functions/lib/index.js"} {"metadata":{"emulator":{"name":"functions"},"function":{"name":"helloWorld"},"message":"[runtime-status] [7323] Resolved module firebase-functions {\"declared\":true,\"installed\":true,\"version\":\"3.7.0\",\"resolution\":\"/home/hari/Learning/react/fsreact/functions/node_modules/firebase-functions/lib/index.js\"}"}}
[debug] [2020-06-13T03:51:01.348Z] [runtime-status] [7323] Checked functions.config() {"config":{}} {"metadata":{"emulator":{"name":"functions"},"function":{"name":"helloWorld"},"message":"[runtime-status] [7323] Checked functions.config() {\"config\":{}}"}}
[debug] [2020-06-13T03:51:01.348Z] [runtime-status] [7323] firebase-functions has been stubbed. {"functionsResolution":{"declared":true,"installed":true,"version":"3.7.0","resolution":"/home/hari/Learning/react/fsreact/functions/node_modules/firebase-functions/lib/index.js"}} {"metadata":{"emulator":{"name":"functions"},"function":{"name":"helloWorld"},"message":"[runtime-status] [7323] firebase-functions has been stubbed. {\"functionsResolution\":{\"declared\":true,\"installed\":true,\"version\":\"3.7.0\",\"resolution\":\"/home/hari/Learning/react/fsreact/functions/node_modules/firebase-functions/lib/index.js\"}}"}}
[debug] [2020-06-13T03:51:01.348Z] [runtime-status] [7323] Resolved module firebase-functions {"declared":true,"installed":true,"version":"3.7.0","resolution":"/home/hari/Learning/react/fsreact/functions/node_modules/firebase-functions/lib/index.js"} {"metadata":{"emulator":{"name":"functions"},"function":{"name":"helloWorld"},"message":"[runtime-status] [7323] Resolved module firebase-functions {\"declared\":true,\"installed\":true,\"version\":\"3.7.0\",\"resolution\":\"/home/hari/Learning/react/fsreact/functions/node_modules/firebase-functions/lib/index.js\"}"}}
[debug] [2020-06-13T03:51:01.349Z] [runtime-status] [7323] Resolved module firebase-admin {"declared":true,"installed":true,"version":"8.12.1","resolution":"/home/hari/Learning/react/fsreact/functions/node_modules/firebase-admin/lib/index.js"} {"metadata":{"emulator":{"name":"functions"},"function":{"name":"helloWorld"},"message":"[runtime-status] [7323] Resolved module firebase-admin {\"declared\":true,\"installed\":true,\"version\":\"8.12.1\",\"resolution\":\"/home/hari/Learning/react/fsreact/functions/node_modules/firebase-admin/lib/index.js\"}"}}
[debug] [2020-06-13T03:51:01.349Z] [runtime-status] [7323] Resolved module firebase-functions {"declared":true,"installed":true,"version":"3.7.0","resolution":"/home/hari/Learning/react/fsreact/functions/node_modules/firebase-functions/lib/index.js"} {"metadata":{"emulator":{"name":"functions"},"function":{"name":"helloWorld"},"message":"[runtime-status] [7323] Resolved module firebase-functions {\"declared\":true,\"installed\":true,\"version\":\"3.7.0\",\"resolution\":\"/home/hari/Learning/react/fsreact/functions/node_modules/firebase-functions/lib/index.js\"}"}}
[debug] [2020-06-13T03:51:01.349Z] [runtime-status] [7323] firebase-admin has been stubbed. {"adminResolution":{"declared":true,"installed":true,"version":"8.12.1","resolution":"/home/hari/Learning/react/fsreact/functions/node_modules/firebase-admin/lib/index.js"}} {"metadata":{"emulator":{"name":"functions"},"function":{"name":"helloWorld"},"message":"[runtime-status] [7323] firebase-admin has been stubbed. {\"adminResolution\":{\"declared\":true,\"installed\":true,\"version\":\"8.12.1\",\"resolution\":\"/home/hari/Learning/react/fsreact/functions/node_modules/firebase-admin/lib/index.js\"}}"}}
[debug] [2020-06-13T03:51:01.351Z] [runtime-status] [7323] initializeApp(DEFAULT) {"databaseURL":"https://allsirsa.firebaseio.com","storageBucket":"allsirsa.appspot.com","projectId":"allsirsa"} {"metadata":{"emulator":{"name":"functions"},"function":{"name":"helloWorld"},"message":"[runtime-status] [7323] initializeApp(DEFAULT) {\"databaseURL\":\"https://allsirsa.firebaseio.com\",\"storageBucket\":\"allsirsa.appspot.com\",\"projectId\":\"allsirsa\"}"}}
[debug] [2020-06-13T03:51:01.351Z] [runtime-status] [7323] Trigger "helloWorld" has been found, beginning invocation! {"metadata":{"emulator":{"name":"functions"},"function":{"name":"helloWorld"},"message":"[runtime-status] [7323] Trigger \"helloWorld\" has been found, beginning invocation!"}}
[info] i  functions: Beginning execution of "helloWorld" {"metadata":{"emulator":{"name":"functions"},"function":{"name":"helloWorld"},"message":"Beginning execution of \"helloWorld\""}}
[debug] [2020-06-13T03:51:01.352Z] [runtime-status] [7323] triggerDefinition {"httpsTrigger":{},"name":"helloWorld","entryPoint":"helloWorld"} {"metadata":{"emulator":{"name":"functions"},"function":{"name":"helloWorld"},"message":"[runtime-status] [7323] triggerDefinition {\"httpsTrigger\":{},\"name\":\"helloWorld\",\"entryPoint\":\"helloWorld\"}"}}
[debug] [2020-06-13T03:51:01.352Z] [runtime-status] [7323] Running helloWorld in mode HTTPS {"metadata":{"emulator":{"name":"functions"},"function":{"name":"helloWorld"},"message":"[runtime-status] [7323] Running helloWorld in mode HTTPS"}}
[debug] [2020-06-13T03:51:01.355Z] [runtime-status] [7323] Attempting to listen to socketPath: /tmp/fire_emu_7323.sock {"metadata":{"emulator":{"name":"functions"},"function":{"name":"helloWorld"},"message":"[runtime-status] [7323] Attempting to listen to socketPath: /tmp/fire_emu_7323.sock"}}
[debug] [2020-06-13T03:51:01.360Z] [functions] Runtime ready! Sending request! {"metadata":{"emulator":{"name":"functions"},"message":"[functions] Runtime ready! Sending request!"}}
[debug] [2020-06-13T03:51:01.365Z] [runtime-status] [7323] Ephemeral server handling GET request {"metadata":{"emulator":{"name":"functions"},"function":{"name":"helloWorld"},"message":"[runtime-status] [7323] Ephemeral server handling GET request"}}
[warn] ⚠  functions: The Cloud Firestore emulator is not running, so calls to Firestore will affect production. {"metadata":{"emulator":{"name":"functions"},"function":{"name":"helloWorld"},"message":"The Cloud Firestore emulator is not running, so calls to Firestore will affect production."}}
[warn] ⚠  Google API requested!
   - URL: "https://oauth2.googleapis.com/token"
   - Be careful, this may be a production service. {"metadata":{"emulator":{"name":"functions"},"function":{"name":"helloWorld"},"message":"Google API requested!\n   - URL: \"https://oauth2.googleapis.com/token\"\n   - Be careful, this may be a production service."}}
[debug] [2020-06-13T03:51:02.319Z] [runtime-status] [7323] Ephemeral server survived. {"metadata":{"emulator":{"name":"functions"},"function":{"name":"helloWorld"},"message":"[runtime-status] [7323] Ephemeral server survived."}}
[info] i  functions: Finished "helloWorld" in ~1s {"metadata":{"emulator":{"name":"functions"},"function":{"name":"helloWorld"},"message":"Finished \"helloWorld\" in ~1s"}}
[debug] [2020-06-13T03:51:02.321Z] [worker-helloWorld-8faa25c5-2224-4013-9be5-207f42880684]: IDLE {"metadata":{"emulator":{"name":"functions"},"message":"[worker-helloWorld-8faa25c5-2224-4013-9be5-207f42880684]: IDLE"}}
[debug] [2020-06-13T03:51:02.321Z] [work-queue] {"queueLength":0,"workRunningCount":0}
[debug] [2020-06-13T03:51:36.725Z] [work-queue] {"queueLength":1,"workRunningCount":0}
[debug] [2020-06-13T03:51:36.725Z] [work-queue] {"queueLength":0,"workRunningCount":1}
[debug] [2020-06-13T03:51:36.725Z] Accepted request GET /allsirsa/us-central1/helloWorld --> helloWorld
[debug] [2020-06-13T03:51:36.726Z] [worker-pool] submitWork(triggerId=helloWorld) {"metadata":{"emulator":{"name":"functions"},"message":"[worker-pool] submitWork(triggerId=helloWorld)"}}
[debug] [2020-06-13T03:51:36.726Z] [worker-helloWorld-8faa25c5-2224-4013-9be5-207f42880684]: Assigning socketPath: /tmp/fire_emu_7323.sock {"metadata":{"emulator":{"name":"functions"},"message":"[worker-helloWorld-8faa25c5-2224-4013-9be5-207f42880684]: Assigning socketPath: /tmp/fire_emu_7323.sock"}}
[debug] [2020-06-13T03:51:36.726Z] [worker-helloWorld-8faa25c5-2224-4013-9be5-207f42880684]: BUSY {"metadata":{"emulator":{"name":"functions"},"message":"[worker-helloWorld-8faa25c5-2224-4013-9be5-207f42880684]: BUSY"}}
[debug] [2020-06-13T03:51:36.727Z] [runtime-status] [7323] Trigger "helloWorld" has been found, beginning invocation! {"metadata":{"emulator":{"name":"functions"},"function":{"name":"helloWorld"},"message":"[runtime-status] [7323] Trigger \"helloWorld\" has been found, beginning invocation!"}}
[info] i  functions: Beginning execution of "helloWorld" {"metadata":{"emulator":{"name":"functions"},"function":{"name":"helloWorld"},"message":"Beginning execution of \"helloWorld\""}}
[debug] [2020-06-13T03:51:36.728Z] [runtime-status] [7323] triggerDefinition {"httpsTrigger":{},"name":"helloWorld","entryPoint":"helloWorld"} {"metadata":{"emulator":{"name":"functions"},"function":{"name":"helloWorld"},"message":"[runtime-status] [7323] triggerDefinition {\"httpsTrigger\":{},\"name\":\"helloWorld\",\"entryPoint\":\"helloWorld\"}"}}
[debug] [2020-06-13T03:51:36.728Z] [runtime-status] [7323] Running helloWorld in mode HTTPS {"metadata":{"emulator":{"name":"functions"},"function":{"name":"helloWorld"},"message":"[runtime-status] [7323] Running helloWorld in mode HTTPS"}}
[debug] [2020-06-13T03:51:36.728Z] [runtime-status] [7323] Attempting to listen to socketPath: /tmp/fire_emu_7323.sock {"metadata":{"emulator":{"name":"functions"},"function":{"name":"helloWorld"},"message":"[runtime-status] [7323] Attempting to listen to socketPath: /tmp/fire_emu_7323.sock"}}
[debug] [2020-06-13T03:51:36.729Z] [functions] Runtime ready! Sending request! {"metadata":{"emulator":{"name":"functions"},"message":"[functions] Runtime ready! Sending request!"}}
[debug] [2020-06-13T03:51:36.732Z] [runtime-status] [7323] Ephemeral server handling GET request {"metadata":{"emulator":{"name":"functions"},"function":{"name":"helloWorld"},"message":"[runtime-status] [7323] Ephemeral server handling GET request"}}
[debug] [2020-06-13T03:51:36.801Z] [runtime-status] [7323] Ephemeral server survived. {"metadata":{"emulator":{"name":"functions"},"function":{"name":"helloWorld"},"message":"[runtime-status] [7323] Ephemeral server survived."}}
[info] i  functions: Finished "helloWorld" in ~1s {"metadata":{"emulator":{"name":"functions"},"function":{"name":"helloWorld"},"message":"Finished \"helloWorld\" in ~1s"}}
[debug] [2020-06-13T03:51:36.802Z] [worker-helloWorld-8faa25c5-2224-4013-9be5-207f42880684]: IDLE {"metadata":{"emulator":{"name":"functions"},"message":"[worker-helloWorld-8faa25c5-2224-4013-9be5-207f42880684]: IDLE"}}
[debug] [2020-06-13T03:51:36.803Z] [work-queue] {"queueLength":0,"workRunningCount":0}
